<?xml version="1.0" encoding="UTF-8"?>
<!-- Generated by org.testng.reporters.JUnitReportReporter -->
<testsuite hostname="DESKTOP-ACHUV3R" failures="0" tests="3" name="listeners.TestNGListenersDemo2" time="0.012" errors="0" timestamp="2025-09-26T15:19:45 IST" skipped="0">
  <testcase classname="listeners.TestNGListenersDemo2" name="test6" time="0.004"/>
  <testcase classname="listeners.TestNGListenersDemo2" name="test4" time="0.003"/>
  <testcase classname="listeners.TestNGListenersDemo2" name="test5" time="0.005"/>
</testsuite> <!-- listeners.TestNGListenersDemo2 -->
