<?xml version="1.0" encoding="UTF-8"?>
<!-- Generated by org.testng.reporters.JUnitReportReporter -->
<testsuite hostname="DESKTOP-ACHUV3R" failures="0" tests="1" name="test.GoogleSearchTestNG2" time="0.533" errors="0" timestamp="2025-09-16T13:58:03 IST" skipped="0">
  <testcase classname="test.GoogleSearchTestNG2" name="googleSearch2" time="0.533"/>
</testsuite> <!-- test.GoogleSearchTestNG2 -->
