<?xml version="1.0" encoding="UTF-8"?>
<!-- Generated by org.testng.reporters.JUnitReportReporter -->
<testsuite hostname="DESKTOP-ACHUV3R" failures="0" tests="2" name="demo.TestNGDependencies" time="0.022" errors="0" timestamp="2025-10-01T19:44:21 IST" skipped="0">
  <testcase classname="demo.TestNGDependencies" name="test1" time="0.004"/>
  <testcase classname="demo.TestNGDependencies" name="test2" time="0.018"/>
</testsuite> <!-- demo.TestNGDependencies -->
