<?xml version="1.0" encoding="UTF-8"?>
<!-- Generated by org.testng.reporters.JUnitReportReporter -->
<testsuite hostname="DESKTOP-ACHUV3R" failures="0" tests="2" name="demo.TestNGMultiBrowserDemo" time="12.280" errors="0" timestamp="2025-09-26T18:10:58 IST" skipped="0">
  <testcase classname="demo.TestNGMultiBrowserDemo" name="test1" time="5.627"/>
  <testcase classname="demo.TestNGMultiBrowserDemo" name="test1" time="6.653"/>
</testsuite> <!-- demo.TestNGMultiBrowserDemo -->
