<?xml version="1.0" encoding="UTF-8"?>
<!-- Generated by org.testng.reporters.JUnitReportReporter -->
<testsuite hostname="DESKTOP-ACHUV3R" failures="0" tests="3" name="demo.TestNGPriorityDemo" time="0.026" errors="0" timestamp="2025-09-26T16:28:22 IST" skipped="0">
  <testcase classname="demo.TestNGPriorityDemo" name="test3" time="0.022"/>
  <testcase classname="demo.TestNGPriorityDemo" name="test1" time="0.002"/>
  <testcase classname="demo.TestNGPriorityDemo" name="test2" time="0.002"/>
</testsuite> <!-- demo.TestNGPriorityDemo -->
