<?xml version="1.0" encoding="UTF-8"?>
<!-- Generated by org.testng.reporters.JUnitReportReporter -->
<testsuite hostname="DESKTOP-ACHUV3R" failures="0" tests="3" name="demo.TestNGIgnoreDemo" time="0.032" errors="0" timestamp="2025-10-02T06:58:36 IST" skipped="0">
  <testcase classname="demo.TestNGIgnoreDemo" name="test2" time="0.005"/>
  <testcase classname="demo.TestNGIgnoreDemo" name="test1" time="0.019"/>
  <testcase classname="demo.TestNGIgnoreDemo" name="test3" time="0.008"/>
</testsuite> <!-- demo.TestNGIgnoreDemo -->
