<?xml version="1.0" encoding="UTF-8"?>
<!-- Generated by org.testng.reporters.JUnitReportReporter -->
<testsuite hostname="DESKTOP-ACHUV3R" failures="0" tests="3" name="listeners.TestNGListenersDemo" time="0.022" errors="0" timestamp="2025-09-26T15:19:45 IST" skipped="0">
  <testcase classname="listeners.TestNGListenersDemo" name="test1" time="0.015"/>
  <testcase classname="listeners.TestNGListenersDemo" name="test2" time="0.003"/>
  <testcase classname="listeners.TestNGListenersDemo" name="test3" time="0.004"/>
</testsuite> <!-- listeners.TestNGListenersDemo -->
