<?xml version="1.0" encoding="UTF-8"?>
<!-- Generated by org.testng.reporters.JUnitReportReporter -->
<testsuite hostname="DESKTOP-ACHUV3R" failures="0" tests="1" name="test.GoogleSearchTestNG" time="3.238" errors="0" timestamp="2025-09-16T13:58:03 IST" skipped="0">
  <testcase classname="test.GoogleSearchTestNG" name="googleSearch" time="3.238"/>
</testsuite> <!-- test.GoogleSearchTestNG -->
